Using pre-set license
Built from '2021.3/release' branch; Version is '2021.3.17f1 (3e8111cac19d) revision 4096273'; Using compiler version '192829333'; Build Type 'Release'
OS: 'Windows 10  (10.0.19045) 64bit Professional' Language: 'pl' Physical Memory: 8103 MB
BatchMode: 1, IsHumanControllingUs: 0, StartBugReporterOnCrash: 0, Is64bit: 1, IsPro: 1

COMMAND LINE ARGUMENTS:
C:\Program Files\Unity\Hub\Editor\2021.3.17f1\Editor\Unity.exe
-adb2
-batchMode
-noUpm
-name
AssetImportWorker0
-projectPath
C:/Users/code 3/Documents/GitHub/hex-game-with-Artificial-neural-networks/hgwAnn
-logFile
Logs/AssetImportWorker0.log
-srvPort
52314
Successfully changed project path to: C:/Users/code 3/Documents/GitHub/hex-game-with-Artificial-neural-networks/hgwAnn
C:/Users/code 3/Documents/GitHub/hex-game-with-Artificial-neural-networks/hgwAnn
[UnityMemory] Configuration Parameters - Can be set up in boot.config
    "memorysetup-bucket-allocator-granularity=16"
    "memorysetup-bucket-allocator-bucket-count=8"
    "memorysetup-bucket-allocator-block-size=33554432"
    "memorysetup-bucket-allocator-block-count=8"
    "memorysetup-main-allocator-block-size=16777216"
    "memorysetup-thread-allocator-block-size=16777216"
    "memorysetup-gfx-main-allocator-block-size=16777216"
    "memorysetup-gfx-thread-allocator-block-size=16777216"
    "memorysetup-cache-allocator-block-size=4194304"
    "memorysetup-typetree-allocator-block-size=2097152"
    "memorysetup-profiler-bucket-allocator-granularity=16"
    "memorysetup-profiler-bucket-allocator-bucket-count=8"
    "memorysetup-profiler-bucket-allocator-block-size=33554432"
    "memorysetup-profiler-bucket-allocator-block-count=8"
    "memorysetup-profiler-allocator-block-size=16777216"
    "memorysetup-profiler-editor-allocator-block-size=1048576"
    "memorysetup-temp-allocator-size-main=16777216"
    "memorysetup-job-temp-allocator-block-size=2097152"
    "memorysetup-job-temp-allocator-block-size-background=1048576"
    "memorysetup-job-temp-allocator-reduction-small-platforms=262144"
    "memorysetup-temp-allocator-size-background-worker=32768"
    "memorysetup-temp-allocator-size-job-worker=262144"
    "memorysetup-temp-allocator-size-preload-manager=33554432"
    "memorysetup-temp-allocator-size-nav-mesh-worker=65536"
    "memorysetup-temp-allocator-size-audio-worker=65536"
    "memorysetup-temp-allocator-size-cloud-worker=32768"
    "memorysetup-temp-allocator-size-gi-baking-worker=262144"
    "memorysetup-temp-allocator-size-gfx=262144"
Player connection [5700] Host "[IP] 192.168.10.196 [Port] 0 [Flags] 2 [Guid] 3490102158 [EditorId] 3490102158 [Version] 1048832 [Id] WindowsEditor(7,DESKTOP-OOF6J09) [Debug] 1 [PackageName] WindowsEditor [ProjectName] Editor" joined multi-casting on [225.0.0.222:54997]...

Player connection [5700] Host "[IP] 192.168.10.196 [Port] 0 [Flags] 2 [Guid] 3490102158 [EditorId] 3490102158 [Version] 1048832 [Id] WindowsEditor(7,DESKTOP-OOF6J09) [Debug] 1 [PackageName] WindowsEditor [ProjectName] Editor" joined alternative multi-casting on [225.0.0.222:34997]...

Refreshing native plugins compatible for Editor in 276.04 ms, found 4 plugins.
Preloading 0 native plugins for Editor in 0.00 ms.
Initialize engine version: 2021.3.17f1 (3e8111cac19d)
[Subsystems] Discovering subsystems at path C:/Program Files/Unity/Hub/Editor/2021.3.17f1/Editor/Data/Resources/UnitySubsystems
[Subsystems] Discovering subsystems at path C:/Users/code 3/Documents/GitHub/hex-game-with-Artificial-neural-networks/hgwAnn/Assets
GfxDevice: creating device client; threaded=0; jobified=0
Direct3D:
    Version:  Direct3D 11.0 [level 11.0]
    Renderer: NVIDIA GeForce GTX 550 Ti (ID=0x1244)
    Vendor:   NVIDIA
    VRAM:     977 MB
    Driver:   23.21.13.8813
Initialize mono
Mono path[0] = 'C:/Program Files/Unity/Hub/Editor/2021.3.17f1/Editor/Data/Managed'
Mono path[1] = 'C:/Program Files/Unity/Hub/Editor/2021.3.17f1/Editor/Data/MonoBleedingEdge/lib/mono/unityjit-win32'
Mono config path = 'C:/Program Files/Unity/Hub/Editor/2021.3.17f1/Editor/Data/MonoBleedingEdge/etc'
Using monoOptions --debugger-agent=transport=dt_socket,embedding=1,server=y,suspend=n,address=127.0.0.1:56236
Begin MonoManager ReloadAssembly
Registering precompiled unity dll's ...
Register platform support module: C:/Program Files/Unity/Hub/Editor/2021.3.17f1/Editor/Data/PlaybackEngines/WebGLSupport/UnityEditor.WebGL.Extensions.dll
Register platform support module: C:/Program Files/Unity/Hub/Editor/2021.3.17f1/Editor/Data/PlaybackEngines/WindowsStandaloneSupport/UnityEditor.WindowsStandalone.Extensions.dll
Registered in 0.024626 seconds.
Native extension for WindowsStandalone target not found
Native extension for WebGL target not found
Refreshing native plugins compatible for Editor in 239.90 ms, found 4 plugins.
Preloading 0 native plugins for Editor in 0.00 ms.
Mono: successfully reloaded assembly
- Completed reload, in  1.405 seconds
Domain Reload Profiling:
	ReloadAssembly (1409ms)
		BeginReloadAssembly (165ms)
			ExecutionOrderSort (0ms)
			DisableScriptedObjects (0ms)
			BackupInstance (0ms)
			ReleaseScriptingObjects (0ms)
			CreateAndSetChildDomain (2ms)
		EndReloadAssembly (995ms)
			LoadAssemblies (159ms)
			RebuildTransferFunctionScriptingTraits (0ms)
			SetupTypeCache (183ms)
			ReleaseScriptCaches (0ms)
			RebuildScriptCaches (53ms)
			SetupLoadedEditorAssemblies (600ms)
				LogAssemblyErrors (0ms)
				InitializePlatformSupportModulesInManaged (21ms)
				SetLoadedEditorAssemblies (0ms)
				RefreshPlugins (240ms)
				BeforeProcessingInitializeOnLoad (2ms)
				ProcessInitializeOnLoadAttributes (252ms)
				ProcessInitializeOnLoadMethodAttributes (85ms)
				AfterProcessingInitializeOnLoad (0ms)
				EditorAssembliesLoaded (0ms)
			ExecutionOrderSort2 (0ms)
			AwakeInstancesAfterBackupRestoration (0ms)
Platform modules already initialized, skipping
Registering precompiled user dll's ...
Registered in 0.035927 seconds.
Begin MonoManager ReloadAssembly
Symbol file LoadedFromMemory doesn't match image C:\Users\code 3\Documents\GitHub\hex-game-with-Artificial-neural-networks\hgwAnn\Library\PackageCache\com.unity.visualscripting@1.8.0\Editor\VisualScripting.Core\Dependencies\YamlDotNet\Unity.VisualScripting.YamlDotNet.dll
Symbol file LoadedFromMemory doesn't match image C:\Users\code 3\Documents\GitHub\hex-game-with-Artificial-neural-networks\hgwAnn\Library\PackageCache\com.unity.visualscripting@1.8.0\Editor\VisualScripting.Core\Dependencies\DotNetZip\Unity.VisualScripting.IonicZip.dll
Native extension for WindowsStandalone target not found
Native extension for WebGL target not found
Refreshing native plugins compatible for Editor in 455.99 ms, found 4 plugins.
Preloading 0 native plugins for Editor in 0.00 ms.
Mono: successfully reloaded assembly
- Completed reload, in 10.470 seconds
Domain Reload Profiling:
	ReloadAssembly (10473ms)
		BeginReloadAssembly (454ms)
			ExecutionOrderSort (0ms)
			DisableScriptedObjects (29ms)
			BackupInstance (0ms)
			ReleaseScriptingObjects (0ms)
			CreateAndSetChildDomain (69ms)
		EndReloadAssembly (9507ms)
			LoadAssemblies (377ms)
			RebuildTransferFunctionScriptingTraits (0ms)
			SetupTypeCache (2439ms)
			ReleaseScriptCaches (3ms)
			RebuildScriptCaches (141ms)
			SetupLoadedEditorAssemblies (5963ms)
				LogAssemblyErrors (0ms)
				InitializePlatformSupportModulesInManaged (16ms)
				SetLoadedEditorAssemblies (1ms)
				RefreshPlugins (456ms)
				BeforeProcessingInitializeOnLoad (474ms)
				ProcessInitializeOnLoadAttributes (4325ms)
				ProcessInitializeOnLoadMethodAttributes (509ms)
				AfterProcessingInitializeOnLoad (182ms)
				EditorAssembliesLoaded (0ms)
			ExecutionOrderSort2 (0ms)
			AwakeInstancesAfterBackupRestoration (19ms)
Platform modules already initialized, skipping
========================================================================
Worker process is ready to serve import requests
Launched and connected shader compiler UnityShaderCompiler.exe after 1.26 seconds
Refreshing native plugins compatible for Editor in 0.93 ms, found 4 plugins.
Preloading 0 native plugins for Editor in 0.00 ms.
Unloading 4067 Unused Serialized files (Serialized files now loaded: 0)
Unloading 44 unused Assets / (229.1 KB). Loaded Objects now: 4517.
Memory consumption went from 152.5 MB to 152.3 MB.
Total: 94.415800 ms (FindLiveObjects: 0.519200 ms CreateObjectMapping: 0.492200 ms MarkObjects: 93.166300 ms  DeleteObjects: 0.236200 ms)

AssetImportParameters requested are different than current active one (requested -> active):
  custom:video-decoder-ogg-theora: a1e56fd34408186e4bbccfd4996cb3dc -> 
  custom:container-muxer-webm: aa71ff27fc2769a1b78a27578f13a17b -> 
  custom:container-demuxer-webm: 4f35f7cbe854078d1ac9338744f61a02 -> 
  custom:video-encoder-webm-vp8: eb34c28f22e8b96e1ab97ce403110664 -> 
  custom:audio-encoder-webm-vorbis: bf7c407c2cedff20999df2af8eb42d56 -> 
  custom:framework-win-MediaFoundation: 216162199b28c13a410421893ffa2e32 -> 
  custom:container-demuxer-ogg: 62fdf1f143b41e24485cea50d1cbac27 -> 
  custom:video-decoder-webm-vp8: 9c59270c3fd7afecdb556c50c9e8de78 -> 
  custom:audio-decoder-ogg-vorbis: bf7c407c2cedff20999df2af8eb42d56 -> 
========================================================================
Received Import Request.
  Time since last request: 1844.015679 seconds.
  path: Assets/Scripts/BorgoCore.cs
  artifactKey: Guid(4effcbd8566740e4991da60a631eb64b) Importer(815301076,1909f56bfc062723c751e8b465ee728b)
Start importing Assets/Scripts/BorgoCore.cs using Guid(4effcbd8566740e4991da60a631eb64b) Importer(815301076,1909f56bfc062723c751e8b465ee728b)  -> (artifact id: 'dc9eebbb40115165b61b2cc6cd1bcef1') in 0.377503 seconds 
========================================================================
Received Import Request.
  Time since last request: 51.403030 seconds.
  path: Assets/Scripts/BorgoCreate.cs
  artifactKey: Guid(44bbc3a4e66879f43bb5a6d120a2f7ba) Importer(815301076,1909f56bfc062723c751e8b465ee728b)
Start importing Assets/Scripts/BorgoCreate.cs using Guid(44bbc3a4e66879f43bb5a6d120a2f7ba) Importer(815301076,1909f56bfc062723c751e8b465ee728b)  -> (artifact id: 'd52d0e46b4d5dda23aa2bbdf315226cd') in 0.095529 seconds 
========================================================================
Received Import Request.
  Time since last request: 144.816617 seconds.
  path: Assets/Scripts/borgo.cs
  artifactKey: Guid(c753f72b4719a054fa022d01b6aa7bc9) Importer(815301076,1909f56bfc062723c751e8b465ee728b)
Start importing Assets/Scripts/borgo.cs using Guid(c753f72b4719a054fa022d01b6aa7bc9) Importer(815301076,1909f56bfc062723c751e8b465ee728b)  -> (artifact id: '6389870cc367052570abfd56638cac53') in 0.042849 seconds 
========================================================================
Received Import Request.
  Time since last request: 672.314853 seconds.
  path: Assets/Scripts/Borgo1.cs
  artifactKey: Guid(1e56b0915e8d8884bb2d1804d7d6a8d6) Importer(815301076,1909f56bfc062723c751e8b465ee728b)
Start importing Assets/Scripts/Borgo1.cs using Guid(1e56b0915e8d8884bb2d1804d7d6a8d6) Importer(815301076,1909f56bfc062723c751e8b465ee728b)  -> (artifact id: 'f0af0c0f93e60e9c2b2e4e910162b12e') in 0.559906 seconds 
========================================================================
Received Prepare
Registering precompiled user dll's ...
Registered in 0.223524 seconds.
Begin MonoManager ReloadAssembly
Symbol file LoadedFromMemory doesn't match image C:\Users\code 3\Documents\GitHub\hex-game-with-Artificial-neural-networks\hgwAnn\Library\PackageCache\com.unity.visualscripting@1.8.0\Editor\VisualScripting.Core\Dependencies\YamlDotNet\Unity.VisualScripting.YamlDotNet.dll
Symbol file LoadedFromMemory doesn't match image C:\Users\code 3\Documents\GitHub\hex-game-with-Artificial-neural-networks\hgwAnn\Library\PackageCache\com.unity.visualscripting@1.8.0\Editor\VisualScripting.Core\Dependencies\DotNetZip\Unity.VisualScripting.IonicZip.dll
Native extension for WindowsStandalone target not found
Native extension for WebGL target not found
Refreshing native plugins compatible for Editor in 1.04 ms, found 4 plugins.
Preloading 0 native plugins for Editor in 0.00 ms.
Mono: successfully reloaded assembly
- Completed reload, in  2.740 seconds
Domain Reload Profiling:
	ReloadAssembly (2741ms)
		BeginReloadAssembly (354ms)
			ExecutionOrderSort (0ms)
			DisableScriptedObjects (12ms)
			BackupInstance (0ms)
			ReleaseScriptingObjects (0ms)
			CreateAndSetChildDomain (96ms)
		EndReloadAssembly (2120ms)
			LoadAssemblies (265ms)
			RebuildTransferFunctionScriptingTraits (0ms)
			SetupTypeCache (526ms)
			ReleaseScriptCaches (2ms)
			RebuildScriptCaches (127ms)
			SetupLoadedEditorAssemblies (1050ms)
				LogAssemblyErrors (0ms)
				InitializePlatformSupportModulesInManaged (31ms)
				SetLoadedEditorAssemblies (1ms)
				RefreshPlugins (1ms)
				BeforeProcessingInitializeOnLoad (280ms)
				ProcessInitializeOnLoadAttributes (616ms)
				ProcessInitializeOnLoadMethodAttributes (99ms)
				AfterProcessingInitializeOnLoad (22ms)
				EditorAssembliesLoaded (0ms)
			ExecutionOrderSort2 (0ms)
			AwakeInstancesAfterBackupRestoration (17ms)
Platform modules already initialized, skipping
Refreshing native plugins compatible for Editor in 4.72 ms, found 4 plugins.
Preloading 0 native plugins for Editor in 0.00 ms.
Unloading 4063 Unused Serialized files (Serialized files now loaded: 0)
Unloading 31 unused Assets / (195.6 KB). Loaded Objects now: 4521.
Memory consumption went from 152.1 MB to 151.9 MB.
Total: 5.169600 ms (FindLiveObjects: 0.382300 ms CreateObjectMapping: 0.403500 ms MarkObjects: 4.075200 ms  DeleteObjects: 0.306500 ms)

AssetImportParameters requested are different than current active one (requested -> active):
  custom:video-decoder-ogg-theora: a1e56fd34408186e4bbccfd4996cb3dc -> 
  custom:container-muxer-webm: aa71ff27fc2769a1b78a27578f13a17b -> 
  custom:container-demuxer-webm: 4f35f7cbe854078d1ac9338744f61a02 -> 
  custom:video-encoder-webm-vp8: eb34c28f22e8b96e1ab97ce403110664 -> 
  custom:audio-encoder-webm-vorbis: bf7c407c2cedff20999df2af8eb42d56 -> 
  custom:framework-win-MediaFoundation: 216162199b28c13a410421893ffa2e32 -> 
  custom:container-demuxer-ogg: 62fdf1f143b41e24485cea50d1cbac27 -> 
  custom:video-decoder-webm-vp8: 9c59270c3fd7afecdb556c50c9e8de78 -> 
  custom:audio-decoder-ogg-vorbis: bf7c407c2cedff20999df2af8eb42d56 -> 
========================================================================
Received Import Request.
  Time since last request: 835.675562 seconds.
  path: Assets/Scripts/BorgoConfig.cs
  artifactKey: Guid(1e56b0915e8d8884bb2d1804d7d6a8d6) Importer(815301076,1909f56bfc062723c751e8b465ee728b)
Start importing Assets/Scripts/BorgoConfig.cs using Guid(1e56b0915e8d8884bb2d1804d7d6a8d6) Importer(815301076,1909f56bfc062723c751e8b465ee728b)  -> (artifact id: 'fe350bd7a14d02ccbbca87792a68ad48') in 0.101687 seconds 
========================================================================
Received Prepare
Registering precompiled user dll's ...
Registered in 10.699093 seconds.
Begin MonoManager ReloadAssembly
Symbol file LoadedFromMemory doesn't match image C:\Users\code 3\Documents\GitHub\hex-game-with-Artificial-neural-networks\hgwAnn\Library\PackageCache\com.unity.visualscripting@1.8.0\Editor\VisualScripting.Core\Dependencies\YamlDotNet\Unity.VisualScripting.YamlDotNet.dll
Symbol file LoadedFromMemory doesn't match image C:\Users\code 3\Documents\GitHub\hex-game-with-Artificial-neural-networks\hgwAnn\Library\PackageCache\com.unity.visualscripting@1.8.0\Editor\VisualScripting.Core\Dependencies\DotNetZip\Unity.VisualScripting.IonicZip.dll
Native extension for WindowsStandalone target not found
Native extension for WebGL target not found
Refreshing native plugins compatible for Editor in 1.00 ms, found 4 plugins.
Preloading 0 native plugins for Editor in 0.00 ms.
Mono: successfully reloaded assembly
- Completed reload, in  3.634 seconds
Domain Reload Profiling:
	ReloadAssembly (3636ms)
		BeginReloadAssembly (816ms)
			ExecutionOrderSort (0ms)
			DisableScriptedObjects (15ms)
			BackupInstance (0ms)
			ReleaseScriptingObjects (0ms)
			CreateAndSetChildDomain (120ms)
		EndReloadAssembly (2279ms)
			LoadAssemblies (830ms)
			RebuildTransferFunctionScriptingTraits (0ms)
			SetupTypeCache (894ms)
			ReleaseScriptCaches (2ms)
			RebuildScriptCaches (93ms)
			SetupLoadedEditorAssemblies (767ms)
				LogAssemblyErrors (0ms)
				InitializePlatformSupportModulesInManaged (29ms)
				SetLoadedEditorAssemblies (1ms)
				RefreshPlugins (1ms)
				BeforeProcessingInitializeOnLoad (213ms)
				ProcessInitializeOnLoadAttributes (426ms)
				ProcessInitializeOnLoadMethodAttributes (70ms)
				AfterProcessingInitializeOnLoad (27ms)
				EditorAssembliesLoaded (0ms)
			ExecutionOrderSort2 (0ms)
			AwakeInstancesAfterBackupRestoration (17ms)
Platform modules already initialized, skipping
Refreshing native plugins compatible for Editor in 5.19 ms, found 4 plugins.
Preloading 0 native plugins for Editor in 0.00 ms.
Unloading 4063 Unused Serialized files (Serialized files now loaded: 0)
Unloading 31 unused Assets / (195.5 KB). Loaded Objects now: 4524.
Memory consumption went from 152.1 MB to 151.9 MB.
Total: 6.718100 ms (FindLiveObjects: 1.768600 ms CreateObjectMapping: 0.308400 ms MarkObjects: 4.376200 ms  DeleteObjects: 0.263300 ms)

AssetImportParameters requested are different than current active one (requested -> active):
  custom:video-decoder-ogg-theora: a1e56fd34408186e4bbccfd4996cb3dc -> 
  custom:container-muxer-webm: aa71ff27fc2769a1b78a27578f13a17b -> 
  custom:container-demuxer-webm: 4f35f7cbe854078d1ac9338744f61a02 -> 
  custom:video-encoder-webm-vp8: eb34c28f22e8b96e1ab97ce403110664 -> 
  custom:audio-encoder-webm-vorbis: bf7c407c2cedff20999df2af8eb42d56 -> 
  custom:framework-win-MediaFoundation: 216162199b28c13a410421893ffa2e32 -> 
  custom:container-demuxer-ogg: 62fdf1f143b41e24485cea50d1cbac27 -> 
  custom:video-decoder-webm-vp8: 9c59270c3fd7afecdb556c50c9e8de78 -> 
  custom:audio-decoder-ogg-vorbis: bf7c407c2cedff20999df2af8eb42d56 -> 
========================================================================
Received Import Request.
  Time since last request: 234.538799 seconds.
  path: Assets/Scripts/BorgoConfig.cs
  artifactKey: Guid(1e56b0915e8d8884bb2d1804d7d6a8d6) Importer(815301076,1909f56bfc062723c751e8b465ee728b)
Start importing Assets/Scripts/BorgoConfig.cs using Guid(1e56b0915e8d8884bb2d1804d7d6a8d6) Importer(815301076,1909f56bfc062723c751e8b465ee728b)  -> (artifact id: '4a68753447293e8dc141c1d29eafb695') in 0.022619 seconds 
========================================================================
Received Prepare
Registering precompiled user dll's ...
Registered in 0.019589 seconds.
Begin MonoManager ReloadAssembly
Symbol file LoadedFromMemory doesn't match image C:\Users\code 3\Documents\GitHub\hex-game-with-Artificial-neural-networks\hgwAnn\Library\PackageCache\com.unity.visualscripting@1.8.0\Editor\VisualScripting.Core\Dependencies\YamlDotNet\Unity.VisualScripting.YamlDotNet.dll
Symbol file LoadedFromMemory doesn't match image C:\Users\code 3\Documents\GitHub\hex-game-with-Artificial-neural-networks\hgwAnn\Library\PackageCache\com.unity.visualscripting@1.8.0\Editor\VisualScripting.Core\Dependencies\DotNetZip\Unity.VisualScripting.IonicZip.dll
Native extension for WindowsStandalone target not found
Native extension for WebGL target not found
Refreshing native plugins compatible for Editor in 1.04 ms, found 4 plugins.
Preloading 0 native plugins for Editor in 0.00 ms.
Mono: successfully reloaded assembly
- Completed reload, in  2.735 seconds
Domain Reload Profiling:
	ReloadAssembly (2736ms)
		BeginReloadAssembly (348ms)
			ExecutionOrderSort (0ms)
			DisableScriptedObjects (14ms)
			BackupInstance (0ms)
			ReleaseScriptingObjects (0ms)
			CreateAndSetChildDomain (68ms)
		EndReloadAssembly (2155ms)
			LoadAssemblies (243ms)
			RebuildTransferFunctionScriptingTraits (0ms)
			SetupTypeCache (584ms)
			ReleaseScriptCaches (2ms)
			RebuildScriptCaches (93ms)
			SetupLoadedEditorAssemblies (940ms)
				LogAssemblyErrors (0ms)
				InitializePlatformSupportModulesInManaged (104ms)
				SetLoadedEditorAssemblies (1ms)
				RefreshPlugins (1ms)
				BeforeProcessingInitializeOnLoad (273ms)
				ProcessInitializeOnLoadAttributes (441ms)
				ProcessInitializeOnLoadMethodAttributes (97ms)
				AfterProcessingInitializeOnLoad (23ms)
				EditorAssembliesLoaded (0ms)
			ExecutionOrderSort2 (0ms)
			AwakeInstancesAfterBackupRestoration (19ms)
Platform modules already initialized, skipping
Refreshing native plugins compatible for Editor in 4.82 ms, found 4 plugins.
Preloading 0 native plugins for Editor in 0.00 ms.
Unloading 4063 Unused Serialized files (Serialized files now loaded: 0)
Unloading 31 unused Assets / (195.5 KB). Loaded Objects now: 4527.
Memory consumption went from 152.1 MB to 151.9 MB.
Total: 5.607300 ms (FindLiveObjects: 0.377000 ms CreateObjectMapping: 0.370600 ms MarkObjects: 4.622000 ms  DeleteObjects: 0.235700 ms)

AssetImportParameters requested are different than current active one (requested -> active):
  custom:video-decoder-ogg-theora: a1e56fd34408186e4bbccfd4996cb3dc -> 
  custom:container-muxer-webm: aa71ff27fc2769a1b78a27578f13a17b -> 
  custom:container-demuxer-webm: 4f35f7cbe854078d1ac9338744f61a02 -> 
  custom:video-encoder-webm-vp8: eb34c28f22e8b96e1ab97ce403110664 -> 
  custom:audio-encoder-webm-vorbis: bf7c407c2cedff20999df2af8eb42d56 -> 
  custom:framework-win-MediaFoundation: 216162199b28c13a410421893ffa2e32 -> 
  custom:container-demuxer-ogg: 62fdf1f143b41e24485cea50d1cbac27 -> 
  custom:video-decoder-webm-vp8: 9c59270c3fd7afecdb556c50c9e8de78 -> 
  custom:audio-decoder-ogg-vorbis: bf7c407c2cedff20999df2af8eb42d56 -> 
========================================================================
Received Import Request.
  Time since last request: 1921.505367 seconds.
  path: Assets/Scripts/BorgoConfig.cs
  artifactKey: Guid(1e56b0915e8d8884bb2d1804d7d6a8d6) Importer(815301076,1909f56bfc062723c751e8b465ee728b)
Start importing Assets/Scripts/BorgoConfig.cs using Guid(1e56b0915e8d8884bb2d1804d7d6a8d6) Importer(815301076,1909f56bfc062723c751e8b465ee728b)  -> (artifact id: '6452c79fed6a58cf4a94ab7a490222be') in 1.329705 seconds 
========================================================================
Received Import Request.
  Time since last request: 85.654703 seconds.
  path: Assets/Scripts/BorgoConfig.cs
  artifactKey: Guid(1e56b0915e8d8884bb2d1804d7d6a8d6) Importer(815301076,1909f56bfc062723c751e8b465ee728b)
Start importing Assets/Scripts/BorgoConfig.cs using Guid(1e56b0915e8d8884bb2d1804d7d6a8d6) Importer(815301076,1909f56bfc062723c751e8b465ee728b)  -> (artifact id: '6e0ed136ac03e263cc08200577fe1fb0') in 0.015366 seconds 
========================================================================
Received Import Request.
  Time since last request: 913.629681 seconds.
  path: Assets/Scripts/BorgoConfig.cs
  artifactKey: Guid(1e56b0915e8d8884bb2d1804d7d6a8d6) Importer(815301076,1909f56bfc062723c751e8b465ee728b)
Start importing Assets/Scripts/BorgoConfig.cs using Guid(1e56b0915e8d8884bb2d1804d7d6a8d6) Importer(815301076,1909f56bfc062723c751e8b465ee728b)  -> (artifact id: '3ceac5f9145d65cf0069d66c9d68db05') in 0.003577 seconds 
========================================================================
Received Import Request.
  Time since last request: 16.026930 seconds.
  path: Assets/Scripts/BorgoConfig.cs
  artifactKey: Guid(1e56b0915e8d8884bb2d1804d7d6a8d6) Importer(815301076,1909f56bfc062723c751e8b465ee728b)
Start importing Assets/Scripts/BorgoConfig.cs using Guid(1e56b0915e8d8884bb2d1804d7d6a8d6) Importer(815301076,1909f56bfc062723c751e8b465ee728b)  -> (artifact id: '551b90efcda01d12f1a7857b002fd5e9') in 0.737762 seconds 
========================================================================
Received Import Request.
  Time since last request: 64.539585 seconds.
  path: Assets/Scripts/BorgoConfig.cs
  artifactKey: Guid(1e56b0915e8d8884bb2d1804d7d6a8d6) Importer(815301076,1909f56bfc062723c751e8b465ee728b)
Start importing Assets/Scripts/BorgoConfig.cs using Guid(1e56b0915e8d8884bb2d1804d7d6a8d6) Importer(815301076,1909f56bfc062723c751e8b465ee728b)  -> (artifact id: '9b56a848825f2072b2dfb033810bd446') in 0.009467 seconds 
========================================================================
Received Import Request.
  Time since last request: 471.047006 seconds.
  path: Assets/Scripts/BorgoConfig.cs
  artifactKey: Guid(1e56b0915e8d8884bb2d1804d7d6a8d6) Importer(815301076,1909f56bfc062723c751e8b465ee728b)
Start importing Assets/Scripts/BorgoConfig.cs using Guid(1e56b0915e8d8884bb2d1804d7d6a8d6) Importer(815301076,1909f56bfc062723c751e8b465ee728b)  -> (artifact id: 'adb6a2ed1e4c888b377a2ead37c60643') in 1.560149 seconds 
========================================================================
Received Import Request.
  Time since last request: 61.141777 seconds.
  path: Assets/Scripts/BorgoConfig.cs
  artifactKey: Guid(1e56b0915e8d8884bb2d1804d7d6a8d6) Importer(815301076,1909f56bfc062723c751e8b465ee728b)
Start importing Assets/Scripts/BorgoConfig.cs using Guid(1e56b0915e8d8884bb2d1804d7d6a8d6) Importer(815301076,1909f56bfc062723c751e8b465ee728b)  -> (artifact id: '8023ea6ccf36f9ee5eee2aa3d450967a') in 0.028371 seconds 
========================================================================
Received Import Request.
  Time since last request: 245.296759 seconds.
  path: Assets/Scripts/BorgoConfig.cs
  artifactKey: Guid(1e56b0915e8d8884bb2d1804d7d6a8d6) Importer(815301076,1909f56bfc062723c751e8b465ee728b)
Start importing Assets/Scripts/BorgoConfig.cs using Guid(1e56b0915e8d8884bb2d1804d7d6a8d6) Importer(815301076,1909f56bfc062723c751e8b465ee728b)  -> (artifact id: '1d7a156e69e476f73793b298f59603ab') in 0.013121 seconds 
========================================================================
Received Import Request.
  Time since last request: 63.781279 seconds.
  path: Assets/Scripts/BorgoConfig.cs
  artifactKey: Guid(1e56b0915e8d8884bb2d1804d7d6a8d6) Importer(815301076,1909f56bfc062723c751e8b465ee728b)
Start importing Assets/Scripts/BorgoConfig.cs using Guid(1e56b0915e8d8884bb2d1804d7d6a8d6) Importer(815301076,1909f56bfc062723c751e8b465ee728b)  -> (artifact id: 'd19fe2c3c890ad07514a4f8e4855cc88') in 0.012985 seconds 
========================================================================
Received Import Request.
  Time since last request: 43.288286 seconds.
  path: Assets/Scripts/BorgoDelete.cs
  artifactKey: Guid(c3f1fe317397a6f48bee4d70dd6ad20d) Importer(815301076,1909f56bfc062723c751e8b465ee728b)
Start importing Assets/Scripts/BorgoDelete.cs using Guid(c3f1fe317397a6f48bee4d70dd6ad20d) Importer(815301076,1909f56bfc062723c751e8b465ee728b)  -> (artifact id: '79e5a5a8c585513918175d7b3db4f73c') in 0.023599 seconds 
========================================================================
Received Import Request.
  Time since last request: 268.977234 seconds.
  path: Assets/Scripts/BorgoDelete.cs
  artifactKey: Guid(c3f1fe317397a6f48bee4d70dd6ad20d) Importer(815301076,1909f56bfc062723c751e8b465ee728b)
Start importing Assets/Scripts/BorgoDelete.cs using Guid(c3f1fe317397a6f48bee4d70dd6ad20d) Importer(815301076,1909f56bfc062723c751e8b465ee728b)  -> (artifact id: 'aaf4d6dd649f058ca710faf7e96ae456') in 0.013033 seconds 
========================================================================
Received Import Request.
  Time since last request: 618.620410 seconds.
  path: Assets/Scripts/BorgoDelete.cs
  artifactKey: Guid(c3f1fe317397a6f48bee4d70dd6ad20d) Importer(815301076,1909f56bfc062723c751e8b465ee728b)
Start importing Assets/Scripts/BorgoDelete.cs using Guid(c3f1fe317397a6f48bee4d70dd6ad20d) Importer(815301076,1909f56bfc062723c751e8b465ee728b)  -> (artifact id: '14bfad9e818946a37ae749279691e40e') in 0.019685 seconds 
========================================================================
Received Import Request.
  Time since last request: 1000.234830 seconds.
  path: Assets/Scripts/BorgoDelete.cs
  artifactKey: Guid(c3f1fe317397a6f48bee4d70dd6ad20d) Importer(815301076,1909f56bfc062723c751e8b465ee728b)
Start importing Assets/Scripts/BorgoDelete.cs using Guid(c3f1fe317397a6f48bee4d70dd6ad20d) Importer(815301076,1909f56bfc062723c751e8b465ee728b)  -> (artifact id: 'c08fc435c0b4766b7c8e1359733cbdc5') in 0.024717 seconds 
========================================================================
Received Import Request.
  Time since last request: 46.481912 seconds.
  path: Assets/Scripts/BorgoDelete.cs
  artifactKey: Guid(c3f1fe317397a6f48bee4d70dd6ad20d) Importer(815301076,1909f56bfc062723c751e8b465ee728b)
Start importing Assets/Scripts/BorgoDelete.cs using Guid(c3f1fe317397a6f48bee4d70dd6ad20d) Importer(815301076,1909f56bfc062723c751e8b465ee728b)  -> (artifact id: '694756c0c75814a64902aa21ed7e39ec') in 0.014487 seconds 
========================================================================
Received Import Request.
  Time since last request: 59.883609 seconds.
  path: Assets/Scripts/BorgoDelete.cs
  artifactKey: Guid(c3f1fe317397a6f48bee4d70dd6ad20d) Importer(815301076,1909f56bfc062723c751e8b465ee728b)
Start importing Assets/Scripts/BorgoDelete.cs using Guid(c3f1fe317397a6f48bee4d70dd6ad20d) Importer(815301076,1909f56bfc062723c751e8b465ee728b)  -> (artifact id: '9bb631346e3fcdf3f0984fff584e1700') in 0.067655 seconds 
========================================================================
Received Import Request.
  Time since last request: 1036.077396 seconds.
  path: Assets/Scripts/BorgoDelete.cs
  artifactKey: Guid(c3f1fe317397a6f48bee4d70dd6ad20d) Importer(815301076,1909f56bfc062723c751e8b465ee728b)
Start importing Assets/Scripts/BorgoDelete.cs using Guid(c3f1fe317397a6f48bee4d70dd6ad20d) Importer(815301076,1909f56bfc062723c751e8b465ee728b)  -> (artifact id: '7570e02ce7691f61c070ea2dccae541a') in 0.014988 seconds 
========================================================================
Received Import Request.
  Time since last request: 162.746077 seconds.
  path: Assets/Scripts/BorgoDelete.cs
  artifactKey: Guid(c3f1fe317397a6f48bee4d70dd6ad20d) Importer(815301076,1909f56bfc062723c751e8b465ee728b)
Start importing Assets/Scripts/BorgoDelete.cs using Guid(c3f1fe317397a6f48bee4d70dd6ad20d) Importer(815301076,1909f56bfc062723c751e8b465ee728b)  -> (artifact id: 'ca02b10b6d59ff63b9a0c3aafab4fbbd') in 0.020122 seconds 
========================================================================
Received Import Request.
  Time since last request: 189.241144 seconds.
  path: Assets/Scripts/BorgoDelete.cs
  artifactKey: Guid(c3f1fe317397a6f48bee4d70dd6ad20d) Importer(815301076,1909f56bfc062723c751e8b465ee728b)
Start importing Assets/Scripts/BorgoDelete.cs using Guid(c3f1fe317397a6f48bee4d70dd6ad20d) Importer(815301076,1909f56bfc062723c751e8b465ee728b)  -> (artifact id: 'a558185f391ce1a5a2e4f6b8fb6ad99a') in 0.069300 seconds 
========================================================================
Received Prepare
Registering precompiled user dll's ...
Registered in 0.023021 seconds.
Begin MonoManager ReloadAssembly
Symbol file LoadedFromMemory doesn't match image C:\Users\code 3\Documents\GitHub\hex-game-with-Artificial-neural-networks\hgwAnn\Library\PackageCache\com.unity.visualscripting@1.8.0\Editor\VisualScripting.Core\Dependencies\YamlDotNet\Unity.VisualScripting.YamlDotNet.dll
Symbol file LoadedFromMemory doesn't match image C:\Users\code 3\Documents\GitHub\hex-game-with-Artificial-neural-networks\hgwAnn\Library\PackageCache\com.unity.visualscripting@1.8.0\Editor\VisualScripting.Core\Dependencies\DotNetZip\Unity.VisualScripting.IonicZip.dll
Native extension for WindowsStandalone target not found
Native extension for WebGL target not found
Refreshing native plugins compatible for Editor in 2.77 ms, found 4 plugins.
Preloading 0 native plugins for Editor in 0.00 ms.
Mono: successfully reloaded assembly
- Completed reload, in  3.165 seconds
Domain Reload Profiling:
	ReloadAssembly (3168ms)
		BeginReloadAssembly (529ms)
			ExecutionOrderSort (0ms)
			DisableScriptedObjects (36ms)
			BackupInstance (0ms)
			ReleaseScriptingObjects (0ms)
			CreateAndSetChildDomain (261ms)
		EndReloadAssembly (2382ms)
			LoadAssemblies (253ms)
			RebuildTransferFunctionScriptingTraits (0ms)
			SetupTypeCache (541ms)
			ReleaseScriptCaches (2ms)
			RebuildScriptCaches (93ms)
			SetupLoadedEditorAssemblies (1273ms)
				LogAssemblyErrors (0ms)
				InitializePlatformSupportModulesInManaged (33ms)
				SetLoadedEditorAssemblies (1ms)
				RefreshPlugins (3ms)
				BeforeProcessingInitializeOnLoad (233ms)
				ProcessInitializeOnLoadAttributes (784ms)
				ProcessInitializeOnLoadMethodAttributes (193ms)
				AfterProcessingInitializeOnLoad (28ms)
				EditorAssembliesLoaded (0ms)
			ExecutionOrderSort2 (0ms)
			AwakeInstancesAfterBackupRestoration (60ms)
Platform modules already initialized, skipping
Refreshing native plugins compatible for Editor in 8.19 ms, found 4 plugins.
Preloading 0 native plugins for Editor in 0.00 ms.
Unloading 4064 Unused Serialized files (Serialized files now loaded: 0)
Unloading 31 unused Assets / (196.4 KB). Loaded Objects now: 4531.
Memory consumption went from 152.2 MB to 152.0 MB.
Total: 6.209600 ms (FindLiveObjects: 0.365700 ms CreateObjectMapping: 0.356700 ms MarkObjects: 5.206100 ms  DeleteObjects: 0.279000 ms)

AssetImportParameters requested are different than current active one (requested -> active):
  custom:video-decoder-ogg-theora: a1e56fd34408186e4bbccfd4996cb3dc -> 
  custom:container-muxer-webm: aa71ff27fc2769a1b78a27578f13a17b -> 
  custom:container-demuxer-webm: 4f35f7cbe854078d1ac9338744f61a02 -> 
  custom:video-encoder-webm-vp8: eb34c28f22e8b96e1ab97ce403110664 -> 
  custom:audio-encoder-webm-vorbis: bf7c407c2cedff20999df2af8eb42d56 -> 
  custom:framework-win-MediaFoundation: 216162199b28c13a410421893ffa2e32 -> 
  custom:container-demuxer-ogg: 62fdf1f143b41e24485cea50d1cbac27 -> 
  custom:video-decoder-webm-vp8: 9c59270c3fd7afecdb556c50c9e8de78 -> 
  custom:audio-decoder-ogg-vorbis: bf7c407c2cedff20999df2af8eb42d56 -> 
========================================================================
Received Import Request.
  Time since last request: 531.571693 seconds.
  path: Assets/Scripts/BorgoConfig.cs
  artifactKey: Guid(1e56b0915e8d8884bb2d1804d7d6a8d6) Importer(815301076,1909f56bfc062723c751e8b465ee728b)
Start importing Assets/Scripts/BorgoConfig.cs using Guid(1e56b0915e8d8884bb2d1804d7d6a8d6) Importer(815301076,1909f56bfc062723c751e8b465ee728b)  -> (artifact id: '025b2c8bbbc6f5b8ee4a5704db0f2682') in 0.025224 seconds 
========================================================================
Received Import Request.
  Time since last request: 1.858415 seconds.
  path: Assets/Scripts/BorgoCore.cs
  artifactKey: Guid(4effcbd8566740e4991da60a631eb64b) Importer(815301076,1909f56bfc062723c751e8b465ee728b)
Start importing Assets/Scripts/BorgoCore.cs using Guid(4effcbd8566740e4991da60a631eb64b) Importer(815301076,1909f56bfc062723c751e8b465ee728b)  -> (artifact id: '51f147bc4547237c6b7b0b56202347c4') in 0.033935 seconds 
========================================================================
Received Import Request.
  Time since last request: 9.675934 seconds.
  path: Assets/Scripts/BorgoDelete1.cs
  artifactKey: Guid(dbbb4a659a04c2e43a34800d792e931d) Importer(815301076,1909f56bfc062723c751e8b465ee728b)
Start importing Assets/Scripts/BorgoDelete1.cs using Guid(dbbb4a659a04c2e43a34800d792e931d) Importer(815301076,1909f56bfc062723c751e8b465ee728b)  -> (artifact id: '838fedbfdac476bf5e7fd66800c5476e') in 0.020564 seconds 
========================================================================
Received Import Request.
  Time since last request: 1.584376 seconds.
  path: Assets/Scripts/BorgoConfig1.cs
  artifactKey: Guid(b3f2c73451b1d4546a4e786c251b1ec1) Importer(815301076,1909f56bfc062723c751e8b465ee728b)
Start importing Assets/Scripts/BorgoConfig1.cs using Guid(b3f2c73451b1d4546a4e786c251b1ec1) Importer(815301076,1909f56bfc062723c751e8b465ee728b)  -> (artifact id: '489bb817b85aba17f62133c780f4c463') in 0.039976 seconds 
========================================================================
Received Import Request.
  Time since last request: 15.290402 seconds.
  path: Assets/Scripts/HegemoniaConfig.cs
  artifactKey: Guid(b3f2c73451b1d4546a4e786c251b1ec1) Importer(815301076,1909f56bfc062723c751e8b465ee728b)
Start importing Assets/Scripts/HegemoniaConfig.cs using Guid(b3f2c73451b1d4546a4e786c251b1ec1) Importer(815301076,1909f56bfc062723c751e8b465ee728b)  -> (artifact id: 'ee23f873d1e47679ba72558dfbee72cf') in 0.018138 seconds 
========================================================================
Received Import Request.
  Time since last request: 6.500288 seconds.
  path: Assets/Scripts/HegemoniaCore.cs
  artifactKey: Guid(e9bb52976231b2d4bb622002a19f3def) Importer(815301076,1909f56bfc062723c751e8b465ee728b)
Start importing Assets/Scripts/HegemoniaCore.cs using Guid(e9bb52976231b2d4bb622002a19f3def) Importer(815301076,1909f56bfc062723c751e8b465ee728b)  -> (artifact id: 'a06bf6893936d7991db103f8a4c1ab3b') in 0.026735 seconds 
========================================================================
Received Import Request.
  Time since last request: 1.166018 seconds.
  path: Assets/Scripts/BorgoCreate1.cs
  artifactKey: Guid(2b9352ae892764946ba36f4733200800) Importer(815301076,1909f56bfc062723c751e8b465ee728b)
Start importing Assets/Scripts/BorgoCreate1.cs using Guid(2b9352ae892764946ba36f4733200800) Importer(815301076,1909f56bfc062723c751e8b465ee728b)  -> (artifact id: 'f400c077f7d3787fe6f051a40b0fdb5b') in 0.019204 seconds 
========================================================================
Received Import Request.
  Time since last request: 10.558167 seconds.
  path: Assets/Scripts/HegemoniaCreate.cs
  artifactKey: Guid(2b9352ae892764946ba36f4733200800) Importer(815301076,1909f56bfc062723c751e8b465ee728b)
Start importing Assets/Scripts/HegemoniaCreate.cs using Guid(2b9352ae892764946ba36f4733200800) Importer(815301076,1909f56bfc062723c751e8b465ee728b)  -> (artifact id: '1d1cef9533722850e003e05258e3a72d') in 2.273795 seconds 
========================================================================
Received Import Request.
  Time since last request: 5.190885 seconds.
  path: Assets/Scripts/HegemoniaDelete.cs
  artifactKey: Guid(dbbb4a659a04c2e43a34800d792e931d) Importer(815301076,1909f56bfc062723c751e8b465ee728b)
Start importing Assets/Scripts/HegemoniaDelete.cs using Guid(dbbb4a659a04c2e43a34800d792e931d) Importer(815301076,1909f56bfc062723c751e8b465ee728b)  -> (artifact id: 'c555a94ed03ba312af2167e0e44ba0b5') in 0.018121 seconds 
========================================================================
Received Import Request.
  Time since last request: 64.217659 seconds.
  path: Assets/Scripts/HegemoniaConfig.cs
  artifactKey: Guid(b3f2c73451b1d4546a4e786c251b1ec1) Importer(815301076,1909f56bfc062723c751e8b465ee728b)
Start importing Assets/Scripts/HegemoniaConfig.cs using Guid(b3f2c73451b1d4546a4e786c251b1ec1) Importer(815301076,1909f56bfc062723c751e8b465ee728b)  -> (artifact id: 'fca6bdd1e1ea9ddb64dbeceb538c39ba') in 0.003189 seconds 
========================================================================
Received Import Request.
  Time since last request: 6.049512 seconds.
  path: Assets/Scripts/HegemoniaConfig.cs
  artifactKey: Guid(b3f2c73451b1d4546a4e786c251b1ec1) Importer(815301076,1909f56bfc062723c751e8b465ee728b)
Start importing Assets/Scripts/HegemoniaConfig.cs using Guid(b3f2c73451b1d4546a4e786c251b1ec1) Importer(815301076,1909f56bfc062723c751e8b465ee728b)  -> (artifact id: 'fca6bdd1e1ea9ddb64dbeceb538c39ba') in 0.058976 seconds 
========================================================================
Received Import Request.
  Time since last request: 90.530203 seconds.
  path: Assets/Scripts/HegemoniaDelete.cs
  artifactKey: Guid(dbbb4a659a04c2e43a34800d792e931d) Importer(815301076,1909f56bfc062723c751e8b465ee728b)
Start importing Assets/Scripts/HegemoniaDelete.cs using Guid(dbbb4a659a04c2e43a34800d792e931d) Importer(815301076,1909f56bfc062723c751e8b465ee728b)  -> (artifact id: 'f69fad64f7075a6d864bb8e07327e6ba') in 0.030177 seconds 
========================================================================
Received Import Request.
  Time since last request: 106.040117 seconds.
  path: Assets/Scripts/HegemoniaDelete.cs
  artifactKey: Guid(dbbb4a659a04c2e43a34800d792e931d) Importer(815301076,1909f56bfc062723c751e8b465ee728b)
Start importing Assets/Scripts/HegemoniaDelete.cs using Guid(dbbb4a659a04c2e43a34800d792e931d) Importer(815301076,1909f56bfc062723c751e8b465ee728b)  -> (artifact id: '28516b4e2d4bd78a679c699144512830') in 0.011877 seconds 
========================================================================
Received Prepare
Registering precompiled user dll's ...
Registered in 0.208622 seconds.
Begin MonoManager ReloadAssembly
Symbol file LoadedFromMemory doesn't match image C:\Users\code 3\Documents\GitHub\hex-game-with-Artificial-neural-networks\hgwAnn\Library\PackageCache\com.unity.visualscripting@1.8.0\Editor\VisualScripting.Core\Dependencies\YamlDotNet\Unity.VisualScripting.YamlDotNet.dll
Symbol file LoadedFromMemory doesn't match image C:\Users\code 3\Documents\GitHub\hex-game-with-Artificial-neural-networks\hgwAnn\Library\PackageCache\com.unity.visualscripting@1.8.0\Editor\VisualScripting.Core\Dependencies\DotNetZip\Unity.VisualScripting.IonicZip.dll
Native extension for WindowsStandalone target not found
Native extension for WebGL target not found
Refreshing native plugins compatible for Editor in 1.36 ms, found 4 plugins.
Preloading 0 native plugins for Editor in 0.00 ms.
Mono: successfully reloaded assembly
- Completed reload, in  3.618 seconds
Domain Reload Profiling:
	ReloadAssembly (3620ms)
		BeginReloadAssembly (486ms)
			ExecutionOrderSort (0ms)
			DisableScriptedObjects (16ms)
			BackupInstance (0ms)
			ReleaseScriptingObjects (0ms)
			CreateAndSetChildDomain (57ms)
		EndReloadAssembly (2815ms)
			LoadAssemblies (444ms)
			RebuildTransferFunctionScriptingTraits (0ms)
			SetupTypeCache (606ms)
			ReleaseScriptCaches (2ms)
			RebuildScriptCaches (87ms)
			SetupLoadedEditorAssemblies (1815ms)
				LogAssemblyErrors (0ms)
				InitializePlatformSupportModulesInManaged (30ms)
				SetLoadedEditorAssemblies (1ms)
				RefreshPlugins (1ms)
				BeforeProcessingInitializeOnLoad (271ms)
				ProcessInitializeOnLoadAttributes (1386ms)
				ProcessInitializeOnLoadMethodAttributes (83ms)
				AfterProcessingInitializeOnLoad (42ms)
				EditorAssembliesLoaded (1ms)
			ExecutionOrderSort2 (0ms)
			AwakeInstancesAfterBackupRestoration (27ms)
Platform modules already initialized, skipping
